[debug] [2024-10-30T01:57:45.675Z] ----------------------------------------------------------------------
[debug] [2024-10-30T01:57:45.682Z] Command:       C:\Program Files\nodejs\Documents\node.exe C:\Users\Easy Services 2.0\AppData\Roaming\npm\node_modules\firebase-tools\lib\bin\firebase.js init
[debug] [2024-10-30T01:57:45.682Z] CLI Version:   13.23.0
[debug] [2024-10-30T01:57:45.683Z] Platform:      win32
[debug] [2024-10-30T01:57:45.683Z] Node Version:  v20.11.1
[debug] [2024-10-30T01:57:45.684Z] Time:          Wed Oct 30 2024 01:57:45 GMT+0000 (temps universel coordonné)
[debug] [2024-10-30T01:57:45.684Z] ----------------------------------------------------------------------
[debug] 
[debug] [2024-10-30T01:57:45.689Z] >>> [apiv2][query] GET https://firebase-public.firebaseio.com/cli.json [none]
[debug] [2024-10-30T01:57:45.832Z] > command requires scopes: ["email","openid","https://www.googleapis.com/auth/cloudplatformprojects.readonly","https://www.googleapis.com/auth/firebase","https://www.googleapis.com/auth/cloud-platform"]
[debug] [2024-10-30T01:57:45.833Z] > authorizing via signed-in user (foulah18@gmail.com)
[info] 
     ######## #### ########  ######## ########     ###     ######  ########
     ##        ##  ##     ## ##       ##     ##  ##   ##  ##       ##
     ######    ##  ########  ######   ########  #########  ######  ######
     ##        ##  ##    ##  ##       ##     ## ##     ##       ## ##
     ##       #### ##     ## ######## ########  ##     ##  ######  ########

You're about to initialize a Firebase project in this directory:

  C:\Users\Easy Services 2.0\Documents\learning-firebase\auth-app

[debug] [2024-10-30T01:57:46.266Z] <<< [apiv2][status] GET https://firebase-public.firebaseio.com/cli.json 200
[debug] [2024-10-30T01:57:46.266Z] <<< [apiv2][body] GET https://firebase-public.firebaseio.com/cli.json {"cloudBuildErrorAfter":1594252800000,"cloudBuildWarnAfter":1590019200000,"defaultNode10After":1594252800000,"minVersion":"3.0.5","node8DeploysDisabledAfter":1613390400000,"node8RuntimeDisabledAfter":1615809600000,"node8WarnAfter":1600128000000}
[info] 
=== Project Setup
[info] 
[info] First, let's associate this project directory with a Firebase project.
[info] You can create multiple project aliases by running firebase use --add, 
[info] but for now we'll just set up a default project.
[info] 
[debug] [2024-10-30T02:01:16.920Z] Checked if tokens are valid: false, expires at: 1729434597701
[debug] [2024-10-30T02:01:16.920Z] Checked if tokens are valid: false, expires at: 1729434597701
[debug] [2024-10-30T02:01:16.921Z] > refreshing access token with scopes: []
[debug] [2024-10-30T02:01:16.922Z] >>> [apiv2][query] POST https://www.googleapis.com/oauth2/v3/token [none]
[debug] [2024-10-30T02:01:16.922Z] >>> [apiv2][body] POST https://www.googleapis.com/oauth2/v3/token [omitted]
[debug] [2024-10-30T02:01:17.616Z] <<< [apiv2][status] POST https://www.googleapis.com/oauth2/v3/token 200
[debug] [2024-10-30T02:01:17.617Z] <<< [apiv2][body] POST https://www.googleapis.com/oauth2/v3/token [omitted]
[debug] [2024-10-30T02:01:17.638Z] >>> [apiv2][query] GET https://firebase.googleapis.com/v1beta1/projects pageSize=100
[debug] [2024-10-30T02:01:18.372Z] <<< [apiv2][status] GET https://firebase.googleapis.com/v1beta1/projects 200
[debug] [2024-10-30T02:01:18.372Z] <<< [apiv2][body] GET https://firebase.googleapis.com/v1beta1/projects [omitted]
[info] i  Using project auth-3743a (Auth) 
[info] 
=== Dataconnect Setup
[debug] [2024-10-30T02:01:26.181Z] Checked if tokens are valid: true, expires at: 1730257276617
[debug] [2024-10-30T02:01:26.181Z] Checked if tokens are valid: true, expires at: 1730257276617
[debug] [2024-10-30T02:01:26.182Z] >>> [apiv2][query] GET https://cloudbilling.googleapis.com/v1/projects/auth-3743a/billingInfo [none]
[debug] [2024-10-30T02:01:27.187Z] <<< [apiv2][status] GET https://cloudbilling.googleapis.com/v1/projects/auth-3743a/billingInfo 200
[debug] [2024-10-30T02:01:27.187Z] <<< [apiv2][body] GET https://cloudbilling.googleapis.com/v1/projects/auth-3743a/billingInfo {"name":"projects/auth-3743a/billingInfo","projectId":"auth-3743a","billingAccountName":"","billingEnabled":false}
[info] i  dataconnect: ensuring required API sqladmin.googleapis.com is enabled... 
[debug] [2024-10-30T02:01:27.188Z] Checked if tokens are valid: true, expires at: 1730257276617
[debug] [2024-10-30T02:01:27.189Z] Checked if tokens are valid: true, expires at: 1730257276617
[debug] [2024-10-30T02:01:27.189Z] >>> [apiv2][query] GET https://serviceusage.googleapis.com/v1/projects/auth-3743a/services/sqladmin.googleapis.com [none]
[debug] [2024-10-30T02:01:27.189Z] >>> [apiv2][(partial)header] GET https://serviceusage.googleapis.com/v1/projects/auth-3743a/services/sqladmin.googleapis.com x-goog-quota-user=projects/auth-3743a
[debug] [2024-10-30T02:01:28.497Z] <<< [apiv2][status] GET https://serviceusage.googleapis.com/v1/projects/auth-3743a/services/sqladmin.googleapis.com 200
[debug] [2024-10-30T02:01:28.497Z] <<< [apiv2][body] GET https://serviceusage.googleapis.com/v1/projects/auth-3743a/services/sqladmin.googleapis.com [omitted]
[warn] !  dataconnect: missing required API sqladmin.googleapis.com. Enabling now... 
[debug] [2024-10-30T02:01:28.501Z] Checked if tokens are valid: true, expires at: 1730257276617
[debug] [2024-10-30T02:01:28.502Z] Checked if tokens are valid: true, expires at: 1730257276617
[debug] [2024-10-30T02:01:28.502Z] >>> [apiv2][query] POST https://serviceusage.googleapis.com/v1/projects/auth-3743a/services/sqladmin.googleapis.com:enable [none]
[debug] [2024-10-30T02:01:28.502Z] >>> [apiv2][(partial)header] POST https://serviceusage.googleapis.com/v1/projects/auth-3743a/services/sqladmin.googleapis.com:enable x-goog-quota-user=projects/auth-3743a
[debug] [2024-10-30T02:01:29.729Z] <<< [apiv2][status] POST https://serviceusage.googleapis.com/v1/projects/auth-3743a/services/sqladmin.googleapis.com:enable 200
[debug] [2024-10-30T02:01:29.730Z] <<< [apiv2][body] POST https://serviceusage.googleapis.com/v1/projects/auth-3743a/services/sqladmin.googleapis.com:enable [omitted]
[debug] [2024-10-30T02:01:39.745Z] Checked if tokens are valid: true, expires at: 1730257276617
[debug] [2024-10-30T02:01:39.746Z] Checked if tokens are valid: true, expires at: 1730257276617
[debug] [2024-10-30T02:01:39.746Z] >>> [apiv2][query] GET https://serviceusage.googleapis.com/v1/projects/auth-3743a/services/sqladmin.googleapis.com [none]
[debug] [2024-10-30T02:01:39.747Z] >>> [apiv2][(partial)header] GET https://serviceusage.googleapis.com/v1/projects/auth-3743a/services/sqladmin.googleapis.com x-goog-quota-user=projects/auth-3743a
[debug] [2024-10-30T02:01:40.897Z] <<< [apiv2][status] GET https://serviceusage.googleapis.com/v1/projects/auth-3743a/services/sqladmin.googleapis.com 200
[debug] [2024-10-30T02:01:40.897Z] <<< [apiv2][body] GET https://serviceusage.googleapis.com/v1/projects/auth-3743a/services/sqladmin.googleapis.com [omitted]
[info] +  dataconnect: required API sqladmin.googleapis.com is enabled 
[info] +  Wrote dataconnect\dataconnect.yaml 
[info] +  Wrote dataconnect\schema\schema.gql 
[info] +  Wrote dataconnect\connector\connector.yaml 
[info] +  Wrote dataconnect\connector\queries.gql 
[info] +  Wrote dataconnect\connector\mutations.gql 
[info] +  Detected WEB app in directory C:\Users\Easy Services 2.0\Documents\learning-firebase\auth-app 
[info] i  Wrote new config to C:\Users\Easy Services 2.0\Documents\learning-firebase\auth-app\dataconnect\connector/connector.yaml 
[info] i  dataconnect: downloading dataconnect-emulator-1.5.1.exe... {"metadata":{"emulator":{"name":"dataconnect"},"message":"downloading dataconnect-emulator-1.5.1.exe..."}}
[debug] [2024-10-30T02:01:55.461Z] >>> [apiv2][query] GET https://storage.googleapis.com/firemat-preview-drop/emulator/dataconnect-emulator-windows-v1.5.1 
[debug] [2024-10-30T02:01:55.928Z] <<< [apiv2][status] GET https://storage.googleapis.com/firemat-preview-drop/emulator/dataconnect-emulator-windows-v1.5.1 200
[debug] [2024-10-30T02:01:55.929Z] <<< [apiv2][body] GET https://storage.googleapis.com/firemat-preview-drop/emulator/dataconnect-emulator-windows-v1.5.1 [stream]
[info] I1030 02:02:25.935618    2512 codegen.go:82] [connector "default" javascriptSdk] Generating sources into "C:\\Users\\Easy Services 2.0\\Documents\\learning-firebase\\auth-app\\dataconnect-generated\\js\\default-connector"
I1030 02:02:26.146258    2512 generate.go:40] Generated all sources. Writing them to disk...
I1030 02:02:26.151978    2512 collector.go:107] connector "default" javascriptSdk wrote into "C:\\Users\\Easy Services 2.0\\Documents\\learning-firebase\\auth-app\\dataconnect-generated\\js\\default-connector"
Generated sources: index.d.ts [264B] esm\index.esm.js [181B] esm\package.json [17B] index.cjs.js [222B] package.json [623B] 
I1030 02:02:26.181833    2512 installsdk.go:76] Running command: C:\Program Files\nodejs\Documents\npm.cmd install file:dataconnect-generated\js\default-connector

[info] i  Generated SDK code for default 
[info] +  If you'd like to add more generated SDKs to your app your later, run firebase init dataconnect:sdk again 
[info] i  If you'd like to provision a CloudSQL Postgres instance on the Firebase Data Connect no-cost trial:
1. Please upgrade to the pay-as-you-go (Blaze) billing plan. Visit the following page:
     https://console.firebase.google.com/project/auth-3743a/usage/details
2. Run firebase init dataconnect again to configure the Cloud SQL instance.
3. Run firebase deploy --only dataconnect to deploy your Data Connect service. 
[info] 
=== Hosting Setup
[debug] [2024-10-30T02:02:41.024Z] Checked if tokens are valid: true, expires at: 1730257276617
[debug] [2024-10-30T02:02:41.024Z] Checked if tokens are valid: true, expires at: 1730257276617
[debug] [2024-10-30T02:02:41.025Z] >>> [apiv2][query] GET https://firebase.googleapis.com/v1beta1/projects/auth-3743a [none]
[debug] [2024-10-30T02:02:41.459Z] <<< [apiv2][status] GET https://firebase.googleapis.com/v1beta1/projects/auth-3743a 200
[debug] [2024-10-30T02:02:41.459Z] <<< [apiv2][body] GET https://firebase.googleapis.com/v1beta1/projects/auth-3743a {"projectId":"auth-3743a","projectNumber":"118983116974","displayName":"Auth","name":"projects/auth-3743a","resources":{"hostingSite":"auth-3743a"},"state":"ACTIVE","etag":"1_450ea5aa-5b8a-4947-9b0b-36390305f4a1"}
[info] 
[info] Your public directory is the folder (relative to your project directory) that
[info] will contain Hosting assets to be uploaded with firebase deploy. If you
[info] have a build process for your assets, use your build's output directory.
[info] 
